生成日期：20250613162713(当前工程Id:0014, 用户：pyf)
针对表:00140030(QxDepartmentInfo)
针对表:00140037(QxDepartmentType)
针对表:00140044(QxPageDispMode)
针对表:00140003(QxPotenceType)
针对表:00140004(QxPrjMenus)
针对表:00140045(QxPrjMenuSet)
针对表:00140005(QxPrjPotence)
针对表:00140031(QxPrjUserRelation)
针对表:00140006(QxProjects)
针对表:00140007(QxRoleMenus)
针对表:00140123(QxRolePotenceRela)
针对表:00140118(QxRoleRightRelation)
针对表:00140014(QxRoles)
针对表:00140116(QxRolesV2)
针对表:00140042(QxUserIdentity)
针对表:00140013(QxUserRoleRelation)
针对表:00140015(QxUsers)
针对表:00140016(QxUserState)
针对表:00140110(QxUsersV2)
针对表:00140025(vQxRoles)
针对表:00140121(vQxUsersSim)
共计生成文件数:0(共计表:21).
