生成日期：20250613160155(当前工程Id:0014, 用户：pyf)
针对界面:00140029(QxRoleMenusCRUD,QxRoleMenus维护)
界面:00140029(QxRoleMenusCRUD,QxRoleMenus维护)有输入、输出相关表如下(表数:1):
1、表:00140007(QxRoleMenus)
针对界面:00140030(QxUserRoleRelationCRUD,QxUserRoleRelation维护)
界面:00140030(QxUserRoleRelationCRUD,QxUserRoleRelation维护)有输入、输出相关表如下(表数:1):
1、表:00140013(QxUserRoleRelation)
针对界面:00140031(QxPrjUserRelationCRUD,QxPrjUserRelation维护)
界面:00140031(QxPrjUserRelationCRUD,QxPrjUserRelation维护)有输入、输出相关表如下(表数:1):
1、表:00140031(QxPrjUserRelation)
针对界面:00140033(QxUsersCRUD,用户维护)
界面:00140033(QxUsersCRUD,用户维护)有输入、输出相关表如下(表数:1):
1、表:00140015(QxUsers)
针对界面:00140034(QxDepartmentInfoCRUD,QxDepartmentInfoCRUD)
界面:00140034(QxDepartmentInfoCRUD,QxDepartmentInfoCRUD)有输入、输出相关表如下(表数:1):
1、表:00140030(QxDepartmentInfo)
针对界面:00140035(QxUserStateCRUD,QxUserState维护)
界面:00140035(QxUserStateCRUD,QxUserState维护)有输入、输出相关表如下(表数:1):
1、表:00140016(QxUserState)
针对界面:00140036(QxRolesCRUD,QxRoles维护)
界面:00140036(QxRolesCRUD,QxRoles维护)有输入、输出相关表如下(表数:1):
1、表:00140014(QxRoles)
针对界面:00140037(QxRolesV2CRUD,QxRolesV2维护)
界面:00140037(QxRolesV2CRUD,QxRolesV2维护)有输入、输出相关表如下(表数:1):
1、表:00140116(QxRolesV2)
针对界面:00140038(QxUsersV2CRUD,QxUsersV2维护)
界面:00140038(QxUsersV2CRUD,QxUsersV2维护)有输入、输出相关表如下(表数:1):
1、表:00140110(QxUsersV2)
针对界面:00140039(QxUserIdentityCRUD,QxUserIdentity维护)
界面:00140039(QxUserIdentityCRUD,QxUserIdentity维护)有输入、输出相关表如下(表数:1):
1、表:00140042(QxUserIdentity)
针对界面:00140040(QxPrjMenusCRUD,QxPrjMenus维护)
界面:00140040(QxPrjMenusCRUD,QxPrjMenus维护)有输入、输出相关表如下(表数:1):
1、表:00140004(QxPrjMenus)
针对界面:00140041(QxPotenceTypeCRUD,QxPotenceType维护)
界面:00140041(QxPotenceTypeCRUD,QxPotenceType维护)有输入、输出相关表如下(表数:1):
1、表:00140003(QxPotenceType)
针对界面:00140042(QxPrjPotenceCRUD,QxPrjPotence维护)
界面:00140042(QxPrjPotenceCRUD,QxPrjPotence维护)有输入、输出相关表如下(表数:1):
1、表:00140005(QxPrjPotence)
针对界面:00140043(QxPrjMenuSetCRUD,QxPrjMenuSet维护)
界面:00140043(QxPrjMenuSetCRUD,QxPrjMenuSet维护)有输入、输出相关表如下(表数:1):
1、表:00140045(QxPrjMenuSet)
针对界面:00140044(QxRoleRightRelationCRUD,QxRoleRightRelation维护)
界面:00140044(QxRoleRightRelationCRUD,QxRoleRightRelation维护)有输入、输出相关表如下(表数:1):
1、表:00140118(QxRoleRightRelation)
共计生成文件数:165(共计：165个界面文件, 0个表文件)(界面数:15, 相关表数:15).
