生成日期：20260331231144(当前工程Id:0014, 用户：pyf)
针对表:00140023(vQxUserRoleRelation)
针对表:00140121(vQxUsersSim)
针对表:00140075(vQxUsers_School)
针对表:00140074(QxUsers_School)
针对表:00140013(QxUserRoleRelation)
针对表:00140111(QxDepartmentInfoV2)
针对表:00140113(QxUserRoleRelationV2)
针对表:00140089(QxUsers4Synch)
针对表:00140114(QxRoleMenusV2)
针对表:00140120(CommonDataNode)
针对表:00140015(QxUsers)
针对表:00140014(QxRoles)
针对表:00140016(QxUserState)
针对表:00140030(QxDepartmentInfo)
针对表:00140031(QxPrjUserRelation)
针对表:00140042(QxUserIdentity)
针对表:00140003(QxPotenceType)
针对表:00140005(QxPrjPotence)
针对表:00140118(QxRoleRightRelation)
针对表:00140004(QxPrjMenus)
针对表:00140007(QxRoleMenus)
针对表:00140006(QxProjects)
针对表:00140101(QxFuncModule_Agc)
针对表:00140037(QxDepartmentType)
针对表:00140055(QxPrjSite4DownLoad)
针对表:00140066(ExportExcel4Users)
针对表:00140092(QxUserRoleRelation4Synch)
针对表:00140044(QxPageDispMode)
针对表:00140045(QxPrjMenuSet)
针对表:00140046(vQxPrjMenus)
针对表:00140072(vQxPrjMenuSet)
针对表:00140026(vQxPotenceType)
针对表:00140027(vQxPrjPotence)
针对表:00140025(vQxRoles)
针对表:00140123(QxRolePotenceRela)
针对表:00140020(QxRelaOfPotenceAndSymbol)
针对表:00140110(QxUsersV2)
针对表:00140116(QxRolesV2)
针对表:00140127(UserType)
针对表:00140128(RoleType)
针对表:00140008(QxUserGroupPotence)
针对表:00140011(QxUserMenuDetail)
针对表:00140126(vQxPrjMenusSim)
针对表:00140034(vQxRoleMenus)
针对表:00140081(vQxRolesByUserNum)
针对表:00140083(vQxRolesByMenuNum)
针对表:00140084(vQxRolesByPotenceNum)
针对表:00140010(QxUserGroups)
针对表:00140051(QxUserLoginName)
针对表:00140017(QxViewInfo)
针对表:00140018(QxViewPotence)
针对表:00140021(QxPrjModule)
针对表:00140039(QxPrjDataBase)
针对表:00140086(QxFuncModule)
针对表:00140088(QxApplicationType)
针对表:00140054(QxPrjFileRela)
针对表:00140058(QxUserDownLoadLog)
针对表:00140059(QxUserDownLoadDetailLog)
针对表:00140056(QxUserCodePath)
针对表:00140091(QxServer4Synch)
针对表:00140093(QxPrjUserRelation4Synch)
针对表:00140096(QxPrjTab)
针对表:00140095(vQxUserRoleRelation4Synch)
针对表:00140022(vQxUserGroupPotence)
针对表:00140076(vQxPrjUserRelationByRole)
针对表:00140082(vQxDepartmentInfoByUserNum)
共计生成文件数:0(共计表:66).
